[ 2025-01-01 15:41:18,741 ] 11 training-pipeline - INFO - Training Pipeline started
[ 2025-01-01 15:41:18,741 ] 36 data-ingestion - INFO - Data Ingestion started
[ 2025-01-01 15:41:21,118 ] 38 data-ingestion - INFO - Clean Data Loaded
[ 2025-01-01 15:41:21,118 ] 40 data-ingestion - INFO - Splitting our data to train and test
[ 2025-01-01 15:41:21,341 ] 43 data-ingestion - INFO - Creating our Artifacts Folder if not exists
[ 2025-01-01 15:41:21,342 ] 46 data-ingestion - INFO - Saving our train data to Artifacts
[ 2025-01-01 15:41:26,270 ] 49 data-ingestion - INFO - Saving our test data to Artifacts
[ 2025-01-01 15:41:28,345 ] 52 data-ingestion - INFO - Data Ingestion Completed
[ 2025-01-01 15:41:28,370 ] 135 data-preprocessing - INFO - Data Preprocessing Started
[ 2025-01-01 15:41:28,371 ] 91 data-preprocessing - INFO - Loading our train and test data from path
[ 2025-01-01 15:41:29,720 ] 94 data-preprocessing - INFO - Data Loaded
[ 2025-01-01 15:41:29,720 ] 96 data-preprocessing - INFO - Splitting our data to Independent and Dependent Features
[ 2025-01-01 15:41:29,775 ] 107 data-preprocessing - INFO - Data Splitted successfully
[ 2025-01-01 15:41:29,783 ] 44 data-preprocessing - INFO - Creating our Preprocessor object
[ 2025-01-01 15:41:29,783 ] 46 data-preprocessing - INFO - Extracting columns
[ 2025-01-01 15:41:29,819 ] 50 data-preprocessing - INFO - Creating our pipeline
[ 2025-01-01 15:41:29,819 ] 61 data-preprocessing - INFO - Pipeline Created Successfully
[ 2025-01-01 15:41:29,820 ] 63 data-preprocessing - INFO - Creating our ColumnTransformer Object
[ 2025-01-01 15:41:29,820 ] 70 data-preprocessing - INFO - Preprocessor Object Created Successfully
[ 2025-01-01 15:41:29,820 ] 141 data-preprocessing - INFO - Applying Transformation
[ 2025-01-01 15:41:29,820 ] 143 data-preprocessing - INFO - Transforming Train data
[ 2025-01-01 15:41:31,254 ] 146 data-preprocessing - INFO - Transforming Test data
[ 2025-01-01 15:41:31,618 ] 149 data-preprocessing - INFO - Data Preprocessing Completed
[ 2025-01-01 15:41:31,618 ] 27 utils - INFO - Saving Model to path
[ 2025-01-01 15:41:31,624 ] 34 utils - INFO - Model Saved Successfully
[ 2025-01-01 15:41:31,624 ] 79 model-trainer - INFO - Model Training Started
[ 2025-01-01 15:41:31,624 ] 40 model-trainer - INFO - Building our Neural Network Architecture
[ 2025-01-01 15:41:31,761 ] 52 model-trainer - INFO - Compiling Our Model
[ 2025-01-01 15:41:31,770 ] 56 model-trainer - INFO - Model Builded Successfully
[ 2025-01-01 15:41:31,770 ] 49 utils - INFO - Initiating Callbacks for our model
[ 2025-01-01 15:41:31,770 ] 58 utils - INFO - Callbacks Created
[ 2025-01-01 15:41:31,770 ] 87 model-trainer - INFO - Model Fitting Started
[ 2025-01-01 15:46:54,755 ] 97 model-trainer - INFO - Model Training Completed Sucessfully
[ 2025-01-01 15:46:54,755 ] 99 model-trainer - INFO - Saving our model
[ 2025-01-01 15:46:54,755 ] 83 absl - WARNING - You are saving your model as an HDF5 file via `model.save()` or `keras.saving.save_model(model)`. This file format is considered legacy. We recommend using instead the native Keras format, e.g. `model.save('my_model.keras')` or `keras.saving.save_model(model, 'my_model.keras')`. 
[ 2025-01-01 15:46:55,091 ] 101 model-trainer - INFO - Model Saved Sucessfully
[ 2025-01-01 15:46:55,093 ] 31 model-evaluation - INFO - Model Evaluation Started
[ 2025-01-01 15:46:55,093 ] 33 model-evaluation - INFO - Loading our saved Model
[ 2025-01-01 15:46:55,167 ] 256 absl - WARNING - Compiled the loaded model, but the compiled metrics have yet to be built. `model.compile_metrics` will be empty until you train or evaluate the model.
[ 2025-01-01 15:46:55,171 ] 36 model-evaluation - INFO - Evaluating Model For Training Data
[ 2025-01-01 15:47:19,322 ] 39 model-evaluation - INFO - Evaluating Model For Testing Data
[ 2025-01-01 15:47:29,572 ] 42 model-evaluation - INFO - Connecting to DagsHub Client
[ 2025-01-01 15:47:30,926 ] 1025 httpx - INFO - HTTP Request: GET https://dagshub.com/api/v1/user "HTTP/1.1 200 OK"
[ 2025-01-01 15:47:30,972 ] 107 dagshub - INFO - Accessing as anonymous298
[ 2025-01-01 15:47:31,619 ] 1025 httpx - INFO - HTTP Request: GET https://dagshub.com/api/v1/repos/anonymous298/Fitness-Level-Predictor-Project "HTTP/1.1 200 OK"
[ 2025-01-01 15:47:32,202 ] 1025 httpx - INFO - HTTP Request: GET https://dagshub.com/api/v1/user "HTTP/1.1 200 OK"
[ 2025-01-01 15:47:32,209 ] 107 dagshub - INFO - Initialized MLflow to track repo "anonymous298/Fitness-Level-Predictor-Project"
[ 2025-01-01 15:47:32,210 ] 107 dagshub - INFO - Repository anonymous298/Fitness-Level-Predictor-Project initialized!
[ 2025-01-01 15:47:32,210 ] 45 model-evaluation - INFO - Experiment Tracking Started
[ 2025-01-01 15:48:23,383 ] 55 model-evaluation - INFO - Experiment Tracking Completed Successfully
[ 2025-01-01 15:48:23,383 ] 25 training-pipeline - INFO - Training Pipeline Completed Successfully
